[PRISMA_INIT] 2026-02-28T08:35:10.442Z Resetting Prisma Client to apply Driver Adapter
[2026-02-28T08:35:10.456Z] {
  "status": "API_CALLED",
  "body": "Masked for security"
}
---
[2026-02-28T08:35:10.485Z] {
  "status": "DIRECT_PG_SUCCESS",
  "time": {
    "now": "2026-02-28T08:35:10.482Z"
  }
}
---
[2026-02-28T08:35:10.499Z] {
  "status": "SERVER_ERROR",
  "message": "\nInvalid `__TURBOPACK__imported__module__$5b$project$5d2f$lib$2f$prisma$2e$ts__$5b$app$2d$route$5d$__$28$ecmascript$29$__[\"prisma\"].user.findUnique()` invocation in\n/Users/macbookpro/Documents/Internship/jlabs-exam/.next/dev/server/chunks/[root-of-the-server]__c5505433._.js:202:155\n\n  199     });\n  200 }\n  201 // ----------------------------------\n→ 202 const user = await __TURBOPACK__imported__module__$5b$project$5d2f$lib$2f$prisma$2e$ts__$5b$app$2d$route$5d$__$28$ecmascript$29$__[\"prisma\"].user.findUnique(\nError opening a TLS connection: The server does not support SSL connections",
  "stack": "PrismaClientKnownRequestError: \nInvalid `__TURBOPACK__imported__module__$5b$project$5d2f$lib$2f$prisma$2e$ts__$5b$app$2d$route$5d$__$28$ecmascript$29$__[\"prisma\"].user.findUnique()` invocation in\n/Users/macbookpro/Documents/Internship/jlabs-exam/.next/dev/server/chunks/[root-of-the-server]__c5505433._.js:202:155\n\n  199     });\n  200 }\n  201 // ----------------------------------\n→ 202 const user = await __TURBOPACK__imported__module__$5b$project$5d2f$lib$2f$prisma$2e$ts__$5b$app$2d$route$5d$__$28$ecmascript$29$__[\"prisma\"].user.findUnique(\nError opening a TLS connection: The server does not support SSL connections\n    at zr.handleRequestError (/Users/macbookpro/Documents/Internship/jlabs-exam/node_modules/@prisma/client/runtime/client.js:65:8286)\n    at zr.handleAndLogRequestError (/Users/macbookpro/Documents/Internship/jlabs-exam/node_modules/@prisma/client/runtime/client.js:65:7581)\n    at zr.request (/Users/macbookpro/Documents/Internship/jlabs-exam/node_modules/@prisma/client/runtime/client.js:65:7288)\n    at process.processTicksAndRejections (node:internal/process/task_queues:105:5)\n    at async a (/Users/macbookpro/Documents/Internship/jlabs-exam/node_modules/@prisma/client/runtime/client.js:75:5816)\n    at async POST (/Users/macbookpro/Documents/Internship/jlabs-exam/.next/dev/server/chunks/[root-of-the-server]__c5505433._.js:202:22)\n    at async AppRouteRouteModule.do (/Users/macbookpro/Documents/Internship/jlabs-exam/node_modules/next/dist/compiled/next-server/app-route-turbo.runtime.dev.js:5:37866)\n    at async AppRouteRouteModule.handle (/Users/macbookpro/Documents/Internship/jlabs-exam/node_modules/next/dist/compiled/next-server/app-route-turbo.runtime.dev.js:5:45156)\n    at async responseGenerator (/Users/macbookpro/Documents/Internship/jlabs-exam/.next/dev/server/chunks/[root-of-the-server]__728fe870._.js:20370:38)\n    at async AppRouteRouteModule.handleResponse (/Users/macbookpro/Documents/Internship/jlabs-exam/node_modules/next/dist/compiled/next-server/app-route-turbo.runtime.dev.js:1:191938)\n    at async handleResponse (/Users/macbookpro/Documents/Internship/jlabs-exam/.next/dev/server/chunks/[root-of-the-server]__728fe870._.js:20433:32)\n    at async Module.handler (/Users/macbookpro/Documents/Internship/jlabs-exam/.next/dev/server/chunks/[root-of-the-server]__728fe870._.js:20486:13)\n    at async DevServer.renderToResponseWithComponentsImpl (/Users/macbookpro/Documents/Internship/jlabs-exam/node_modules/next/dist/server/base-server.js:1442:9)\n    at async DevServer.renderPageComponent (/Users/macbookpro/Documents/Internship/jlabs-exam/node_modules/next/dist/server/base-server.js:1494:24)\n    at async DevServer.renderToResponseImpl (/Users/macbookpro/Documents/Internship/jlabs-exam/node_modules/next/dist/server/base-server.js:1544:32)\n    at async DevServer.pipeImpl (/Users/macbookpro/Documents/Internship/jlabs-exam/node_modules/next/dist/server/base-server.js:1038:25)\n    at async NextNodeServer.handleCatchallRenderRequest (/Users/macbookpro/Documents/Internship/jlabs-exam/node_modules/next/dist/server/next-server.js:395:17)\n    at async DevServer.handleRequestImpl (/Users/macbookpro/Documents/Internship/jlabs-exam/node_modules/next/dist/server/base-server.js:929:17)\n    at async /Users/macbookpro/Documents/Internship/jlabs-exam/node_modules/next/dist/server/dev/next-dev-server.js:387:20\n    at async Span.traceAsyncFn (/Users/macbookpro/Documents/Internship/jlabs-exam/node_modules/next/dist/trace/trace.js:157:20)\n    at async DevServer.handleRequest (/Users/macbookpro/Documents/Internship/jlabs-exam/node_modules/next/dist/server/dev/next-dev-server.js:383:24)\n    at async invokeRender (/Users/macbookpro/Documents/Internship/jlabs-exam/node_modules/next/dist/server/lib/router-server.js:248:21)\n    at async handleRequest (/Users/macbookpro/Documents/Internship/jlabs-exam/node_modules/next/dist/server/lib/router-server.js:447:24)\n    at async requestHandlerImpl (/Users/macbookpro/Documents/Internship/jlabs-exam/node_modules/next/dist/server/lib/router-server.js:496:13)\n    at async Server.requestListener (/Users/macbookpro/Documents/Internship/jlabs-exam/node_modules/next/dist/server/lib/start-server.js:226:13)"
}
---
[2026-02-28T08:35:20.715Z] {
  "status": "API_CALLED",
  "body": "Masked for security"
}
---
[2026-02-28T08:35:20.729Z] {
  "status": "DIRECT_PG_SUCCESS",
  "time": {
    "now": "2026-02-28T08:35:20.727Z"
  }
}
---
[2026-02-28T08:35:20.743Z] {
  "status": "SERVER_ERROR",
  "message": "\nInvalid `__TURBOPACK__imported__module__$5b$project$5d2f$lib$2f$prisma$2e$ts__$5b$app$2d$route$5d$__$28$ecmascript$29$__[\"prisma\"].user.findUnique()` invocation in\n/Users/macbookpro/Documents/Internship/jlabs-exam/.next/dev/server/chunks/[root-of-the-server]__c5505433._.js:202:155\n\n  199     });\n  200 }\n  201 // ----------------------------------\n→ 202 const user = await __TURBOPACK__imported__module__$5b$project$5d2f$lib$2f$prisma$2e$ts__$5b$app$2d$route$5d$__$28$ecmascript$29$__[\"prisma\"].user.findUnique(\nError opening a TLS connection: The server does not support SSL connections",
  "stack": "PrismaClientKnownRequestError: \nInvalid `__TURBOPACK__imported__module__$5b$project$5d2f$lib$2f$prisma$2e$ts__$5b$app$2d$route$5d$__$28$ecmascript$29$__[\"prisma\"].user.findUnique()` invocation in\n/Users/macbookpro/Documents/Internship/jlabs-exam/.next/dev/server/chunks/[root-of-the-server]__c5505433._.js:202:155\n\n  199     });\n  200 }\n  201 // ----------------------------------\n→ 202 const user = await __TURBOPACK__imported__module__$5b$project$5d2f$lib$2f$prisma$2e$ts__$5b$app$2d$route$5d$__$28$ecmascript$29$__[\"prisma\"].user.findUnique(\nError opening a TLS connection: The server does not support SSL connections\n    at zr.handleRequestError (/Users/macbookpro/Documents/Internship/jlabs-exam/node_modules/@prisma/client/runtime/client.js:65:8286)\n    at zr.handleAndLogRequestError (/Users/macbookpro/Documents/Internship/jlabs-exam/node_modules/@prisma/client/runtime/client.js:65:7581)\n    at zr.request (/Users/macbookpro/Documents/Internship/jlabs-exam/node_modules/@prisma/client/runtime/client.js:65:7288)\n    at process.processTicksAndRejections (node:internal/process/task_queues:105:5)\n    at async a (/Users/macbookpro/Documents/Internship/jlabs-exam/node_modules/@prisma/client/runtime/client.js:75:5816)\n    at async POST (/Users/macbookpro/Documents/Internship/jlabs-exam/.next/dev/server/chunks/[root-of-the-server]__c5505433._.js:202:22)\n    at async AppRouteRouteModule.do (/Users/macbookpro/Documents/Internship/jlabs-exam/node_modules/next/dist/compiled/next-server/app-route-turbo.runtime.dev.js:5:37866)\n    at async AppRouteRouteModule.handle (/Users/macbookpro/Documents/Internship/jlabs-exam/node_modules/next/dist/compiled/next-server/app-route-turbo.runtime.dev.js:5:45156)\n    at async responseGenerator (/Users/macbookpro/Documents/Internship/jlabs-exam/.next/dev/server/chunks/[root-of-the-server]__728fe870._.js:20370:38)\n    at async AppRouteRouteModule.handleResponse (/Users/macbookpro/Documents/Internship/jlabs-exam/node_modules/next/dist/compiled/next-server/app-route-turbo.runtime.dev.js:1:191938)\n    at async handleResponse (/Users/macbookpro/Documents/Internship/jlabs-exam/.next/dev/server/chunks/[root-of-the-server]__728fe870._.js:20433:32)\n    at async Module.handler (/Users/macbookpro/Documents/Internship/jlabs-exam/.next/dev/server/chunks/[root-of-the-server]__728fe870._.js:20486:13)\n    at async DevServer.renderToResponseWithComponentsImpl (/Users/macbookpro/Documents/Internship/jlabs-exam/node_modules/next/dist/server/base-server.js:1442:9)\n    at async DevServer.renderPageComponent (/Users/macbookpro/Documents/Internship/jlabs-exam/node_modules/next/dist/server/base-server.js:1494:24)\n    at async DevServer.renderToResponseImpl (/Users/macbookpro/Documents/Internship/jlabs-exam/node_modules/next/dist/server/base-server.js:1544:32)\n    at async DevServer.pipeImpl (/Users/macbookpro/Documents/Internship/jlabs-exam/node_modules/next/dist/server/base-server.js:1038:25)\n    at async NextNodeServer.handleCatchallRenderRequest (/Users/macbookpro/Documents/Internship/jlabs-exam/node_modules/next/dist/server/next-server.js:395:17)\n    at async DevServer.handleRequestImpl (/Users/macbookpro/Documents/Internship/jlabs-exam/node_modules/next/dist/server/base-server.js:929:17)\n    at async /Users/macbookpro/Documents/Internship/jlabs-exam/node_modules/next/dist/server/dev/next-dev-server.js:387:20\n    at async Span.traceAsyncFn (/Users/macbookpro/Documents/Internship/jlabs-exam/node_modules/next/dist/trace/trace.js:157:20)\n    at async DevServer.handleRequest (/Users/macbookpro/Documents/Internship/jlabs-exam/node_modules/next/dist/server/dev/next-dev-server.js:383:24)\n    at async invokeRender (/Users/macbookpro/Documents/Internship/jlabs-exam/node_modules/next/dist/server/lib/router-server.js:248:21)\n    at async handleRequest (/Users/macbookpro/Documents/Internship/jlabs-exam/node_modules/next/dist/server/lib/router-server.js:447:24)\n    at async requestHandlerImpl (/Users/macbookpro/Documents/Internship/jlabs-exam/node_modules/next/dist/server/lib/router-server.js:496:13)\n    at async Server.requestListener (/Users/macbookpro/Documents/Internship/jlabs-exam/node_modules/next/dist/server/lib/start-server.js:226:13)"
}
---
[2026-02-28T08:35:23.180Z] {
  "status": "API_CALLED",
  "body": "Masked for security"
}
---
[2026-02-28T08:35:23.197Z] {
  "status": "DIRECT_PG_SUCCESS",
  "time": {
    "now": "2026-02-28T08:35:23.195Z"
  }
}
---
[2026-02-28T08:35:23.206Z] {
  "status": "SERVER_ERROR",
  "message": "\nInvalid `__TURBOPACK__imported__module__$5b$project$5d2f$lib$2f$prisma$2e$ts__$5b$app$2d$route$5d$__$28$ecmascript$29$__[\"prisma\"].user.findUnique()` invocation in\n/Users/macbookpro/Documents/Internship/jlabs-exam/.next/dev/server/chunks/[root-of-the-server]__c5505433._.js:202:155\n\n  199     });\n  200 }\n  201 // ----------------------------------\n→ 202 const user = await __TURBOPACK__imported__module__$5b$project$5d2f$lib$2f$prisma$2e$ts__$5b$app$2d$route$5d$__$28$ecmascript$29$__[\"prisma\"].user.findUnique(\nError opening a TLS connection: The server does not support SSL connections",
  "stack": "PrismaClientKnownRequestError: \nInvalid `__TURBOPACK__imported__module__$5b$project$5d2f$lib$2f$prisma$2e$ts__$5b$app$2d$route$5d$__$28$ecmascript$29$__[\"prisma\"].user.findUnique()` invocation in\n/Users/macbookpro/Documents/Internship/jlabs-exam/.next/dev/server/chunks/[root-of-the-server]__c5505433._.js:202:155\n\n  199     });\n  200 }\n  201 // ----------------------------------\n→ 202 const user = await __TURBOPACK__imported__module__$5b$project$5d2f$lib$2f$prisma$2e$ts__$5b$app$2d$route$5d$__$28$ecmascript$29$__[\"prisma\"].user.findUnique(\nError opening a TLS connection: The server does not support SSL connections\n    at zr.handleRequestError (/Users/macbookpro/Documents/Internship/jlabs-exam/node_modules/@prisma/client/runtime/client.js:65:8286)\n    at zr.handleAndLogRequestError (/Users/macbookpro/Documents/Internship/jlabs-exam/node_modules/@prisma/client/runtime/client.js:65:7581)\n    at zr.request (/Users/macbookpro/Documents/Internship/jlabs-exam/node_modules/@prisma/client/runtime/client.js:65:7288)\n    at process.processTicksAndRejections (node:internal/process/task_queues:105:5)\n    at async a (/Users/macbookpro/Documents/Internship/jlabs-exam/node_modules/@prisma/client/runtime/client.js:75:5816)\n    at async POST (/Users/macbookpro/Documents/Internship/jlabs-exam/.next/dev/server/chunks/[root-of-the-server]__c5505433._.js:202:22)\n    at async AppRouteRouteModule.do (/Users/macbookpro/Documents/Internship/jlabs-exam/node_modules/next/dist/compiled/next-server/app-route-turbo.runtime.dev.js:5:37866)\n    at async AppRouteRouteModule.handle (/Users/macbookpro/Documents/Internship/jlabs-exam/node_modules/next/dist/compiled/next-server/app-route-turbo.runtime.dev.js:5:45156)\n    at async responseGenerator (/Users/macbookpro/Documents/Internship/jlabs-exam/.next/dev/server/chunks/[root-of-the-server]__728fe870._.js:20370:38)\n    at async AppRouteRouteModule.handleResponse (/Users/macbookpro/Documents/Internship/jlabs-exam/node_modules/next/dist/compiled/next-server/app-route-turbo.runtime.dev.js:1:191938)\n    at async handleResponse (/Users/macbookpro/Documents/Internship/jlabs-exam/.next/dev/server/chunks/[root-of-the-server]__728fe870._.js:20433:32)\n    at async Module.handler (/Users/macbookpro/Documents/Internship/jlabs-exam/.next/dev/server/chunks/[root-of-the-server]__728fe870._.js:20486:13)\n    at async DevServer.renderToResponseWithComponentsImpl (/Users/macbookpro/Documents/Internship/jlabs-exam/node_modules/next/dist/server/base-server.js:1442:9)\n    at async DevServer.renderPageComponent (/Users/macbookpro/Documents/Internship/jlabs-exam/node_modules/next/dist/server/base-server.js:1494:24)\n    at async DevServer.renderToResponseImpl (/Users/macbookpro/Documents/Internship/jlabs-exam/node_modules/next/dist/server/base-server.js:1544:32)\n    at async DevServer.pipeImpl (/Users/macbookpro/Documents/Internship/jlabs-exam/node_modules/next/dist/server/base-server.js:1038:25)\n    at async NextNodeServer.handleCatchallRenderRequest (/Users/macbookpro/Documents/Internship/jlabs-exam/node_modules/next/dist/server/next-server.js:395:17)\n    at async DevServer.handleRequestImpl (/Users/macbookpro/Documents/Internship/jlabs-exam/node_modules/next/dist/server/base-server.js:929:17)\n    at async /Users/macbookpro/Documents/Internship/jlabs-exam/node_modules/next/dist/server/dev/next-dev-server.js:387:20\n    at async Span.traceAsyncFn (/Users/macbookpro/Documents/Internship/jlabs-exam/node_modules/next/dist/trace/trace.js:157:20)\n    at async DevServer.handleRequest (/Users/macbookpro/Documents/Internship/jlabs-exam/node_modules/next/dist/server/dev/next-dev-server.js:383:24)\n    at async invokeRender (/Users/macbookpro/Documents/Internship/jlabs-exam/node_modules/next/dist/server/lib/router-server.js:248:21)\n    at async handleRequest (/Users/macbookpro/Documents/Internship/jlabs-exam/node_modules/next/dist/server/lib/router-server.js:447:24)\n    at async requestHandlerImpl (/Users/macbookpro/Documents/Internship/jlabs-exam/node_modules/next/dist/server/lib/router-server.js:496:13)\n    at async Server.requestListener (/Users/macbookpro/Documents/Internship/jlabs-exam/node_modules/next/dist/server/lib/start-server.js:226:13)"
}
---
[2026-02-28T08:35:23.905Z] {
  "status": "API_CALLED",
  "body": "Masked for security"
}
---
[2026-02-28T08:35:23.917Z] {
  "status": "DIRECT_PG_SUCCESS",
  "time": {
    "now": "2026-02-28T08:35:23.916Z"
  }
}
---
[2026-02-28T08:35:23.929Z] {
  "status": "SERVER_ERROR",
  "message": "\nInvalid `__TURBOPACK__imported__module__$5b$project$5d2f$lib$2f$prisma$2e$ts__$5b$app$2d$route$5d$__$28$ecmascript$29$__[\"prisma\"].user.findUnique()` invocation in\n/Users/macbookpro/Documents/Internship/jlabs-exam/.next/dev/server/chunks/[root-of-the-server]__c5505433._.js:202:155\n\n  199     });\n  200 }\n  201 // ----------------------------------\n→ 202 const user = await __TURBOPACK__imported__module__$5b$project$5d2f$lib$2f$prisma$2e$ts__$5b$app$2d$route$5d$__$28$ecmascript$29$__[\"prisma\"].user.findUnique(\nError opening a TLS connection: The server does not support SSL connections",
  "stack": "PrismaClientKnownRequestError: \nInvalid `__TURBOPACK__imported__module__$5b$project$5d2f$lib$2f$prisma$2e$ts__$5b$app$2d$route$5d$__$28$ecmascript$29$__[\"prisma\"].user.findUnique()` invocation in\n/Users/macbookpro/Documents/Internship/jlabs-exam/.next/dev/server/chunks/[root-of-the-server]__c5505433._.js:202:155\n\n  199     });\n  200 }\n  201 // ----------------------------------\n→ 202 const user = await __TURBOPACK__imported__module__$5b$project$5d2f$lib$2f$prisma$2e$ts__$5b$app$2d$route$5d$__$28$ecmascript$29$__[\"prisma\"].user.findUnique(\nError opening a TLS connection: The server does not support SSL connections\n    at zr.handleRequestError (/Users/macbookpro/Documents/Internship/jlabs-exam/node_modules/@prisma/client/runtime/client.js:65:8286)\n    at zr.handleAndLogRequestError (/Users/macbookpro/Documents/Internship/jlabs-exam/node_modules/@prisma/client/runtime/client.js:65:7581)\n    at zr.request (/Users/macbookpro/Documents/Internship/jlabs-exam/node_modules/@prisma/client/runtime/client.js:65:7288)\n    at process.processTicksAndRejections (node:internal/process/task_queues:105:5)\n    at async a (/Users/macbookpro/Documents/Internship/jlabs-exam/node_modules/@prisma/client/runtime/client.js:75:5816)\n    at async POST (/Users/macbookpro/Documents/Internship/jlabs-exam/.next/dev/server/chunks/[root-of-the-server]__c5505433._.js:202:22)\n    at async AppRouteRouteModule.do (/Users/macbookpro/Documents/Internship/jlabs-exam/node_modules/next/dist/compiled/next-server/app-route-turbo.runtime.dev.js:5:37866)\n    at async AppRouteRouteModule.handle (/Users/macbookpro/Documents/Internship/jlabs-exam/node_modules/next/dist/compiled/next-server/app-route-turbo.runtime.dev.js:5:45156)\n    at async responseGenerator (/Users/macbookpro/Documents/Internship/jlabs-exam/.next/dev/server/chunks/[root-of-the-server]__728fe870._.js:20370:38)\n    at async AppRouteRouteModule.handleResponse (/Users/macbookpro/Documents/Internship/jlabs-exam/node_modules/next/dist/compiled/next-server/app-route-turbo.runtime.dev.js:1:191938)\n    at async handleResponse (/Users/macbookpro/Documents/Internship/jlabs-exam/.next/dev/server/chunks/[root-of-the-server]__728fe870._.js:20433:32)\n    at async Module.handler (/Users/macbookpro/Documents/Internship/jlabs-exam/.next/dev/server/chunks/[root-of-the-server]__728fe870._.js:20486:13)\n    at async DevServer.renderToResponseWithComponentsImpl (/Users/macbookpro/Documents/Internship/jlabs-exam/node_modules/next/dist/server/base-server.js:1442:9)\n    at async DevServer.renderPageComponent (/Users/macbookpro/Documents/Internship/jlabs-exam/node_modules/next/dist/server/base-server.js:1494:24)\n    at async DevServer.renderToResponseImpl (/Users/macbookpro/Documents/Internship/jlabs-exam/node_modules/next/dist/server/base-server.js:1544:32)\n    at async DevServer.pipeImpl (/Users/macbookpro/Documents/Internship/jlabs-exam/node_modules/next/dist/server/base-server.js:1038:25)\n    at async NextNodeServer.handleCatchallRenderRequest (/Users/macbookpro/Documents/Internship/jlabs-exam/node_modules/next/dist/server/next-server.js:395:17)\n    at async DevServer.handleRequestImpl (/Users/macbookpro/Documents/Internship/jlabs-exam/node_modules/next/dist/server/base-server.js:929:17)\n    at async /Users/macbookpro/Documents/Internship/jlabs-exam/node_modules/next/dist/server/dev/next-dev-server.js:387:20\n    at async Span.traceAsyncFn (/Users/macbookpro/Documents/Internship/jlabs-exam/node_modules/next/dist/trace/trace.js:157:20)\n    at async DevServer.handleRequest (/Users/macbookpro/Documents/Internship/jlabs-exam/node_modules/next/dist/server/dev/next-dev-server.js:383:24)\n    at async invokeRender (/Users/macbookpro/Documents/Internship/jlabs-exam/node_modules/next/dist/server/lib/router-server.js:248:21)\n    at async handleRequest (/Users/macbookpro/Documents/Internship/jlabs-exam/node_modules/next/dist/server/lib/router-server.js:447:24)\n    at async requestHandlerImpl (/Users/macbookpro/Documents/Internship/jlabs-exam/node_modules/next/dist/server/lib/router-server.js:496:13)\n    at async Server.requestListener (/Users/macbookpro/Documents/Internship/jlabs-exam/node_modules/next/dist/server/lib/start-server.js:226:13)"
}
---
[2026-02-28T08:35:24.125Z] {
  "status": "API_CALLED",
  "body": "Masked for security"
}
---
[2026-02-28T08:35:24.142Z] {
  "status": "DIRECT_PG_SUCCESS",
  "time": {
    "now": "2026-02-28T08:35:24.138Z"
  }
}
---
[2026-02-28T08:35:24.151Z] {
  "status": "SERVER_ERROR",
  "message": "\nInvalid `__TURBOPACK__imported__module__$5b$project$5d2f$lib$2f$prisma$2e$ts__$5b$app$2d$route$5d$__$28$ecmascript$29$__[\"prisma\"].user.findUnique()` invocation in\n/Users/macbookpro/Documents/Internship/jlabs-exam/.next/dev/server/chunks/[root-of-the-server]__c5505433._.js:202:155\n\n  199     });\n  200 }\n  201 // ----------------------------------\n→ 202 const user = await __TURBOPACK__imported__module__$5b$project$5d2f$lib$2f$prisma$2e$ts__$5b$app$2d$route$5d$__$28$ecmascript$29$__[\"prisma\"].user.findUnique(\nError opening a TLS connection: The server does not support SSL connections",
  "stack": "PrismaClientKnownRequestError: \nInvalid `__TURBOPACK__imported__module__$5b$project$5d2f$lib$2f$prisma$2e$ts__$5b$app$2d$route$5d$__$28$ecmascript$29$__[\"prisma\"].user.findUnique()` invocation in\n/Users/macbookpro/Documents/Internship/jlabs-exam/.next/dev/server/chunks/[root-of-the-server]__c5505433._.js:202:155\n\n  199     });\n  200 }\n  201 // ----------------------------------\n→ 202 const user = await __TURBOPACK__imported__module__$5b$project$5d2f$lib$2f$prisma$2e$ts__$5b$app$2d$route$5d$__$28$ecmascript$29$__[\"prisma\"].user.findUnique(\nError opening a TLS connection: The server does not support SSL connections\n    at zr.handleRequestError (/Users/macbookpro/Documents/Internship/jlabs-exam/node_modules/@prisma/client/runtime/client.js:65:8286)\n    at zr.handleAndLogRequestError (/Users/macbookpro/Documents/Internship/jlabs-exam/node_modules/@prisma/client/runtime/client.js:65:7581)\n    at zr.request (/Users/macbookpro/Documents/Internship/jlabs-exam/node_modules/@prisma/client/runtime/client.js:65:7288)\n    at process.processTicksAndRejections (node:internal/process/task_queues:105:5)\n    at async a (/Users/macbookpro/Documents/Internship/jlabs-exam/node_modules/@prisma/client/runtime/client.js:75:5816)\n    at async POST (/Users/macbookpro/Documents/Internship/jlabs-exam/.next/dev/server/chunks/[root-of-the-server]__c5505433._.js:202:22)\n    at async AppRouteRouteModule.do (/Users/macbookpro/Documents/Internship/jlabs-exam/node_modules/next/dist/compiled/next-server/app-route-turbo.runtime.dev.js:5:37866)\n    at async AppRouteRouteModule.handle (/Users/macbookpro/Documents/Internship/jlabs-exam/node_modules/next/dist/compiled/next-server/app-route-turbo.runtime.dev.js:5:45156)\n    at async responseGenerator (/Users/macbookpro/Documents/Internship/jlabs-exam/.next/dev/server/chunks/[root-of-the-server]__728fe870._.js:20370:38)\n    at async AppRouteRouteModule.handleResponse (/Users/macbookpro/Documents/Internship/jlabs-exam/node_modules/next/dist/compiled/next-server/app-route-turbo.runtime.dev.js:1:191938)\n    at async handleResponse (/Users/macbookpro/Documents/Internship/jlabs-exam/.next/dev/server/chunks/[root-of-the-server]__728fe870._.js:20433:32)\n    at async Module.handler (/Users/macbookpro/Documents/Internship/jlabs-exam/.next/dev/server/chunks/[root-of-the-server]__728fe870._.js:20486:13)\n    at async DevServer.renderToResponseWithComponentsImpl (/Users/macbookpro/Documents/Internship/jlabs-exam/node_modules/next/dist/server/base-server.js:1442:9)\n    at async DevServer.renderPageComponent (/Users/macbookpro/Documents/Internship/jlabs-exam/node_modules/next/dist/server/base-server.js:1494:24)\n    at async DevServer.renderToResponseImpl (/Users/macbookpro/Documents/Internship/jlabs-exam/node_modules/next/dist/server/base-server.js:1544:32)\n    at async DevServer.pipeImpl (/Users/macbookpro/Documents/Internship/jlabs-exam/node_modules/next/dist/server/base-server.js:1038:25)\n    at async NextNodeServer.handleCatchallRenderRequest (/Users/macbookpro/Documents/Internship/jlabs-exam/node_modules/next/dist/server/next-server.js:395:17)\n    at async DevServer.handleRequestImpl (/Users/macbookpro/Documents/Internship/jlabs-exam/node_modules/next/dist/server/base-server.js:929:17)\n    at async /Users/macbookpro/Documents/Internship/jlabs-exam/node_modules/next/dist/server/dev/next-dev-server.js:387:20\n    at async Span.traceAsyncFn (/Users/macbookpro/Documents/Internship/jlabs-exam/node_modules/next/dist/trace/trace.js:157:20)\n    at async DevServer.handleRequest (/Users/macbookpro/Documents/Internship/jlabs-exam/node_modules/next/dist/server/dev/next-dev-server.js:383:24)\n    at async invokeRender (/Users/macbookpro/Documents/Internship/jlabs-exam/node_modules/next/dist/server/lib/router-server.js:248:21)\n    at async handleRequest (/Users/macbookpro/Documents/Internship/jlabs-exam/node_modules/next/dist/server/lib/router-server.js:447:24)\n    at async requestHandlerImpl (/Users/macbookpro/Documents/Internship/jlabs-exam/node_modules/next/dist/server/lib/router-server.js:496:13)\n    at async Server.requestListener (/Users/macbookpro/Documents/Internship/jlabs-exam/node_modules/next/dist/server/lib/start-server.js:226:13)"
}
---
[2026-02-28T08:35:24.275Z] {
  "status": "API_CALLED",
  "body": "Masked for security"
}
---
[2026-02-28T08:35:24.290Z] {
  "status": "DIRECT_PG_SUCCESS",
  "time": {
    "now": "2026-02-28T08:35:24.289Z"
  }
}
---
[2026-02-28T08:35:24.299Z] {
  "status": "SERVER_ERROR",
  "message": "\nInvalid `__TURBOPACK__imported__module__$5b$project$5d2f$lib$2f$prisma$2e$ts__$5b$app$2d$route$5d$__$28$ecmascript$29$__[\"prisma\"].user.findUnique()` invocation in\n/Users/macbookpro/Documents/Internship/jlabs-exam/.next/dev/server/chunks/[root-of-the-server]__c5505433._.js:202:155\n\n  199     });\n  200 }\n  201 // ----------------------------------\n→ 202 const user = await __TURBOPACK__imported__module__$5b$project$5d2f$lib$2f$prisma$2e$ts__$5b$app$2d$route$5d$__$28$ecmascript$29$__[\"prisma\"].user.findUnique(\nError opening a TLS connection: The server does not support SSL connections",
  "stack": "PrismaClientKnownRequestError: \nInvalid `__TURBOPACK__imported__module__$5b$project$5d2f$lib$2f$prisma$2e$ts__$5b$app$2d$route$5d$__$28$ecmascript$29$__[\"prisma\"].user.findUnique()` invocation in\n/Users/macbookpro/Documents/Internship/jlabs-exam/.next/dev/server/chunks/[root-of-the-server]__c5505433._.js:202:155\n\n  199     });\n  200 }\n  201 // ----------------------------------\n→ 202 const user = await __TURBOPACK__imported__module__$5b$project$5d2f$lib$2f$prisma$2e$ts__$5b$app$2d$route$5d$__$28$ecmascript$29$__[\"prisma\"].user.findUnique(\nError opening a TLS connection: The server does not support SSL connections\n    at zr.handleRequestError (/Users/macbookpro/Documents/Internship/jlabs-exam/node_modules/@prisma/client/runtime/client.js:65:8286)\n    at zr.handleAndLogRequestError (/Users/macbookpro/Documents/Internship/jlabs-exam/node_modules/@prisma/client/runtime/client.js:65:7581)\n    at zr.request (/Users/macbookpro/Documents/Internship/jlabs-exam/node_modules/@prisma/client/runtime/client.js:65:7288)\n    at process.processTicksAndRejections (node:internal/process/task_queues:105:5)\n    at async a (/Users/macbookpro/Documents/Internship/jlabs-exam/node_modules/@prisma/client/runtime/client.js:75:5816)\n    at async POST (/Users/macbookpro/Documents/Internship/jlabs-exam/.next/dev/server/chunks/[root-of-the-server]__c5505433._.js:202:22)\n    at async AppRouteRouteModule.do (/Users/macbookpro/Documents/Internship/jlabs-exam/node_modules/next/dist/compiled/next-server/app-route-turbo.runtime.dev.js:5:37866)\n    at async AppRouteRouteModule.handle (/Users/macbookpro/Documents/Internship/jlabs-exam/node_modules/next/dist/compiled/next-server/app-route-turbo.runtime.dev.js:5:45156)\n    at async responseGenerator (/Users/macbookpro/Documents/Internship/jlabs-exam/.next/dev/server/chunks/[root-of-the-server]__728fe870._.js:20370:38)\n    at async AppRouteRouteModule.handleResponse (/Users/macbookpro/Documents/Internship/jlabs-exam/node_modules/next/dist/compiled/next-server/app-route-turbo.runtime.dev.js:1:191938)\n    at async handleResponse (/Users/macbookpro/Documents/Internship/jlabs-exam/.next/dev/server/chunks/[root-of-the-server]__728fe870._.js:20433:32)\n    at async Module.handler (/Users/macbookpro/Documents/Internship/jlabs-exam/.next/dev/server/chunks/[root-of-the-server]__728fe870._.js:20486:13)\n    at async DevServer.renderToResponseWithComponentsImpl (/Users/macbookpro/Documents/Internship/jlabs-exam/node_modules/next/dist/server/base-server.js:1442:9)\n    at async DevServer.renderPageComponent (/Users/macbookpro/Documents/Internship/jlabs-exam/node_modules/next/dist/server/base-server.js:1494:24)\n    at async DevServer.renderToResponseImpl (/Users/macbookpro/Documents/Internship/jlabs-exam/node_modules/next/dist/server/base-server.js:1544:32)\n    at async DevServer.pipeImpl (/Users/macbookpro/Documents/Internship/jlabs-exam/node_modules/next/dist/server/base-server.js:1038:25)\n    at async NextNodeServer.handleCatchallRenderRequest (/Users/macbookpro/Documents/Internship/jlabs-exam/node_modules/next/dist/server/next-server.js:395:17)\n    at async DevServer.handleRequestImpl (/Users/macbookpro/Documents/Internship/jlabs-exam/node_modules/next/dist/server/base-server.js:929:17)\n    at async /Users/macbookpro/Documents/Internship/jlabs-exam/node_modules/next/dist/server/dev/next-dev-server.js:387:20\n    at async Span.traceAsyncFn (/Users/macbookpro/Documents/Internship/jlabs-exam/node_modules/next/dist/trace/trace.js:157:20)\n    at async DevServer.handleRequest (/Users/macbookpro/Documents/Internship/jlabs-exam/node_modules/next/dist/server/dev/next-dev-server.js:383:24)\n    at async invokeRender (/Users/macbookpro/Documents/Internship/jlabs-exam/node_modules/next/dist/server/lib/router-server.js:248:21)\n    at async handleRequest (/Users/macbookpro/Documents/Internship/jlabs-exam/node_modules/next/dist/server/lib/router-server.js:447:24)\n    at async requestHandlerImpl (/Users/macbookpro/Documents/Internship/jlabs-exam/node_modules/next/dist/server/lib/router-server.js:496:13)\n    at async Server.requestListener (/Users/macbookpro/Documents/Internship/jlabs-exam/node_modules/next/dist/server/lib/start-server.js:226:13)"
}
---
[2026-02-28T08:35:24.412Z] {
  "status": "API_CALLED",
  "body": "Masked for security"
}
---
[2026-02-28T08:35:24.426Z] {
  "status": "DIRECT_PG_SUCCESS",
  "time": {
    "now": "2026-02-28T08:35:24.424Z"
  }
}
---
[2026-02-28T08:35:24.435Z] {
  "status": "SERVER_ERROR",
  "message": "\nInvalid `__TURBOPACK__imported__module__$5b$project$5d2f$lib$2f$prisma$2e$ts__$5b$app$2d$route$5d$__$28$ecmascript$29$__[\"prisma\"].user.findUnique()` invocation in\n/Users/macbookpro/Documents/Internship/jlabs-exam/.next/dev/server/chunks/[root-of-the-server]__c5505433._.js:202:155\n\n  199     });\n  200 }\n  201 // ----------------------------------\n→ 202 const user = await __TURBOPACK__imported__module__$5b$project$5d2f$lib$2f$prisma$2e$ts__$5b$app$2d$route$5d$__$28$ecmascript$29$__[\"prisma\"].user.findUnique(\nError opening a TLS connection: The server does not support SSL connections",
  "stack": "PrismaClientKnownRequestError: \nInvalid `__TURBOPACK__imported__module__$5b$project$5d2f$lib$2f$prisma$2e$ts__$5b$app$2d$route$5d$__$28$ecmascript$29$__[\"prisma\"].user.findUnique()` invocation in\n/Users/macbookpro/Documents/Internship/jlabs-exam/.next/dev/server/chunks/[root-of-the-server]__c5505433._.js:202:155\n\n  199     });\n  200 }\n  201 // ----------------------------------\n→ 202 const user = await __TURBOPACK__imported__module__$5b$project$5d2f$lib$2f$prisma$2e$ts__$5b$app$2d$route$5d$__$28$ecmascript$29$__[\"prisma\"].user.findUnique(\nError opening a TLS connection: The server does not support SSL connections\n    at zr.handleRequestError (/Users/macbookpro/Documents/Internship/jlabs-exam/node_modules/@prisma/client/runtime/client.js:65:8286)\n    at zr.handleAndLogRequestError (/Users/macbookpro/Documents/Internship/jlabs-exam/node_modules/@prisma/client/runtime/client.js:65:7581)\n    at zr.request (/Users/macbookpro/Documents/Internship/jlabs-exam/node_modules/@prisma/client/runtime/client.js:65:7288)\n    at process.processTicksAndRejections (node:internal/process/task_queues:105:5)\n    at async a (/Users/macbookpro/Documents/Internship/jlabs-exam/node_modules/@prisma/client/runtime/client.js:75:5816)\n    at async POST (/Users/macbookpro/Documents/Internship/jlabs-exam/.next/dev/server/chunks/[root-of-the-server]__c5505433._.js:202:22)\n    at async AppRouteRouteModule.do (/Users/macbookpro/Documents/Internship/jlabs-exam/node_modules/next/dist/compiled/next-server/app-route-turbo.runtime.dev.js:5:37866)\n    at async AppRouteRouteModule.handle (/Users/macbookpro/Documents/Internship/jlabs-exam/node_modules/next/dist/compiled/next-server/app-route-turbo.runtime.dev.js:5:45156)\n    at async responseGenerator (/Users/macbookpro/Documents/Internship/jlabs-exam/.next/dev/server/chunks/[root-of-the-server]__728fe870._.js:20370:38)\n    at async AppRouteRouteModule.handleResponse (/Users/macbookpro/Documents/Internship/jlabs-exam/node_modules/next/dist/compiled/next-server/app-route-turbo.runtime.dev.js:1:191938)\n    at async handleResponse (/Users/macbookpro/Documents/Internship/jlabs-exam/.next/dev/server/chunks/[root-of-the-server]__728fe870._.js:20433:32)\n    at async Module.handler (/Users/macbookpro/Documents/Internship/jlabs-exam/.next/dev/server/chunks/[root-of-the-server]__728fe870._.js:20486:13)\n    at async DevServer.renderToResponseWithComponentsImpl (/Users/macbookpro/Documents/Internship/jlabs-exam/node_modules/next/dist/server/base-server.js:1442:9)\n    at async DevServer.renderPageComponent (/Users/macbookpro/Documents/Internship/jlabs-exam/node_modules/next/dist/server/base-server.js:1494:24)\n    at async DevServer.renderToResponseImpl (/Users/macbookpro/Documents/Internship/jlabs-exam/node_modules/next/dist/server/base-server.js:1544:32)\n    at async DevServer.pipeImpl (/Users/macbookpro/Documents/Internship/jlabs-exam/node_modules/next/dist/server/base-server.js:1038:25)\n    at async NextNodeServer.handleCatchallRenderRequest (/Users/macbookpro/Documents/Internship/jlabs-exam/node_modules/next/dist/server/next-server.js:395:17)\n    at async DevServer.handleRequestImpl (/Users/macbookpro/Documents/Internship/jlabs-exam/node_modules/next/dist/server/base-server.js:929:17)\n    at async /Users/macbookpro/Documents/Internship/jlabs-exam/node_modules/next/dist/server/dev/next-dev-server.js:387:20\n    at async Span.traceAsyncFn (/Users/macbookpro/Documents/Internship/jlabs-exam/node_modules/next/dist/trace/trace.js:157:20)\n    at async DevServer.handleRequest (/Users/macbookpro/Documents/Internship/jlabs-exam/node_modules/next/dist/server/dev/next-dev-server.js:383:24)\n    at async invokeRender (/Users/macbookpro/Documents/Internship/jlabs-exam/node_modules/next/dist/server/lib/router-server.js:248:21)\n    at async handleRequest (/Users/macbookpro/Documents/Internship/jlabs-exam/node_modules/next/dist/server/lib/router-server.js:447:24)\n    at async requestHandlerImpl (/Users/macbookpro/Documents/Internship/jlabs-exam/node_modules/next/dist/server/lib/router-server.js:496:13)\n    at async Server.requestListener (/Users/macbookpro/Documents/Internship/jlabs-exam/node_modules/next/dist/server/lib/start-server.js:226:13)"
}
---
[2026-02-28T08:35:24.546Z] {
  "status": "API_CALLED",
  "body": "Masked for security"
}
---
[2026-02-28T08:35:24.559Z] {
  "status": "DIRECT_PG_SUCCESS",
  "time": {
    "now": "2026-02-28T08:35:24.557Z"
  }
}
---
[2026-02-28T08:35:24.570Z] {
  "status": "SERVER_ERROR",
  "message": "\nInvalid `__TURBOPACK__imported__module__$5b$project$5d2f$lib$2f$prisma$2e$ts__$5b$app$2d$route$5d$__$28$ecmascript$29$__[\"prisma\"].user.findUnique()` invocation in\n/Users/macbookpro/Documents/Internship/jlabs-exam/.next/dev/server/chunks/[root-of-the-server]__c5505433._.js:202:155\n\n  199     });\n  200 }\n  201 // ----------------------------------\n→ 202 const user = await __TURBOPACK__imported__module__$5b$project$5d2f$lib$2f$prisma$2e$ts__$5b$app$2d$route$5d$__$28$ecmascript$29$__[\"prisma\"].user.findUnique(\nError opening a TLS connection: The server does not support SSL connections",
  "stack": "PrismaClientKnownRequestError: \nInvalid `__TURBOPACK__imported__module__$5b$project$5d2f$lib$2f$prisma$2e$ts__$5b$app$2d$route$5d$__$28$ecmascript$29$__[\"prisma\"].user.findUnique()` invocation in\n/Users/macbookpro/Documents/Internship/jlabs-exam/.next/dev/server/chunks/[root-of-the-server]__c5505433._.js:202:155\n\n  199     });\n  200 }\n  201 // ----------------------------------\n→ 202 const user = await __TURBOPACK__imported__module__$5b$project$5d2f$lib$2f$prisma$2e$ts__$5b$app$2d$route$5d$__$28$ecmascript$29$__[\"prisma\"].user.findUnique(\nError opening a TLS connection: The server does not support SSL connections\n    at zr.handleRequestError (/Users/macbookpro/Documents/Internship/jlabs-exam/node_modules/@prisma/client/runtime/client.js:65:8286)\n    at zr.handleAndLogRequestError (/Users/macbookpro/Documents/Internship/jlabs-exam/node_modules/@prisma/client/runtime/client.js:65:7581)\n    at zr.request (/Users/macbookpro/Documents/Internship/jlabs-exam/node_modules/@prisma/client/runtime/client.js:65:7288)\n    at process.processTicksAndRejections (node:internal/process/task_queues:105:5)\n    at async a (/Users/macbookpro/Documents/Internship/jlabs-exam/node_modules/@prisma/client/runtime/client.js:75:5816)\n    at async POST (/Users/macbookpro/Documents/Internship/jlabs-exam/.next/dev/server/chunks/[root-of-the-server]__c5505433._.js:202:22)\n    at async AppRouteRouteModule.do (/Users/macbookpro/Documents/Internship/jlabs-exam/node_modules/next/dist/compiled/next-server/app-route-turbo.runtime.dev.js:5:37866)\n    at async AppRouteRouteModule.handle (/Users/macbookpro/Documents/Internship/jlabs-exam/node_modules/next/dist/compiled/next-server/app-route-turbo.runtime.dev.js:5:45156)\n    at async responseGenerator (/Users/macbookpro/Documents/Internship/jlabs-exam/.next/dev/server/chunks/[root-of-the-server]__728fe870._.js:20370:38)\n    at async AppRouteRouteModule.handleResponse (/Users/macbookpro/Documents/Internship/jlabs-exam/node_modules/next/dist/compiled/next-server/app-route-turbo.runtime.dev.js:1:191938)\n    at async handleResponse (/Users/macbookpro/Documents/Internship/jlabs-exam/.next/dev/server/chunks/[root-of-the-server]__728fe870._.js:20433:32)\n    at async Module.handler (/Users/macbookpro/Documents/Internship/jlabs-exam/.next/dev/server/chunks/[root-of-the-server]__728fe870._.js:20486:13)\n    at async DevServer.renderToResponseWithComponentsImpl (/Users/macbookpro/Documents/Internship/jlabs-exam/node_modules/next/dist/server/base-server.js:1442:9)\n    at async DevServer.renderPageComponent (/Users/macbookpro/Documents/Internship/jlabs-exam/node_modules/next/dist/server/base-server.js:1494:24)\n    at async DevServer.renderToResponseImpl (/Users/macbookpro/Documents/Internship/jlabs-exam/node_modules/next/dist/server/base-server.js:1544:32)\n    at async DevServer.pipeImpl (/Users/macbookpro/Documents/Internship/jlabs-exam/node_modules/next/dist/server/base-server.js:1038:25)\n    at async NextNodeServer.handleCatchallRenderRequest (/Users/macbookpro/Documents/Internship/jlabs-exam/node_modules/next/dist/server/next-server.js:395:17)\n    at async DevServer.handleRequestImpl (/Users/macbookpro/Documents/Internship/jlabs-exam/node_modules/next/dist/server/base-server.js:929:17)\n    at async /Users/macbookpro/Documents/Internship/jlabs-exam/node_modules/next/dist/server/dev/next-dev-server.js:387:20\n    at async Span.traceAsyncFn (/Users/macbookpro/Documents/Internship/jlabs-exam/node_modules/next/dist/trace/trace.js:157:20)\n    at async DevServer.handleRequest (/Users/macbookpro/Documents/Internship/jlabs-exam/node_modules/next/dist/server/dev/next-dev-server.js:383:24)\n    at async invokeRender (/Users/macbookpro/Documents/Internship/jlabs-exam/node_modules/next/dist/server/lib/router-server.js:248:21)\n    at async handleRequest (/Users/macbookpro/Documents/Internship/jlabs-exam/node_modules/next/dist/server/lib/router-server.js:447:24)\n    at async requestHandlerImpl (/Users/macbookpro/Documents/Internship/jlabs-exam/node_modules/next/dist/server/lib/router-server.js:496:13)\n    at async Server.requestListener (/Users/macbookpro/Documents/Internship/jlabs-exam/node_modules/next/dist/server/lib/start-server.js:226:13)"
}
---
[2026-02-28T08:35:24.686Z] {
  "status": "API_CALLED",
  "body": "Masked for security"
}
---
[2026-02-28T08:35:24.700Z] {
  "status": "DIRECT_PG_SUCCESS",
  "time": {
    "now": "2026-02-28T08:35:24.698Z"
  }
}
---
[2026-02-28T08:35:24.710Z] {
  "status": "SERVER_ERROR",
  "message": "\nInvalid `__TURBOPACK__imported__module__$5b$project$5d2f$lib$2f$prisma$2e$ts__$5b$app$2d$route$5d$__$28$ecmascript$29$__[\"prisma\"].user.findUnique()` invocation in\n/Users/macbookpro/Documents/Internship/jlabs-exam/.next/dev/server/chunks/[root-of-the-server]__c5505433._.js:202:155\n\n  199     });\n  200 }\n  201 // ----------------------------------\n→ 202 const user = await __TURBOPACK__imported__module__$5b$project$5d2f$lib$2f$prisma$2e$ts__$5b$app$2d$route$5d$__$28$ecmascript$29$__[\"prisma\"].user.findUnique(\nError opening a TLS connection: The server does not support SSL connections",
  "stack": "PrismaClientKnownRequestError: \nInvalid `__TURBOPACK__imported__module__$5b$project$5d2f$lib$2f$prisma$2e$ts__$5b$app$2d$route$5d$__$28$ecmascript$29$__[\"prisma\"].user.findUnique()` invocation in\n/Users/macbookpro/Documents/Internship/jlabs-exam/.next/dev/server/chunks/[root-of-the-server]__c5505433._.js:202:155\n\n  199     });\n  200 }\n  201 // ----------------------------------\n→ 202 const user = await __TURBOPACK__imported__module__$5b$project$5d2f$lib$2f$prisma$2e$ts__$5b$app$2d$route$5d$__$28$ecmascript$29$__[\"prisma\"].user.findUnique(\nError opening a TLS connection: The server does not support SSL connections\n    at zr.handleRequestError (/Users/macbookpro/Documents/Internship/jlabs-exam/node_modules/@prisma/client/runtime/client.js:65:8286)\n    at zr.handleAndLogRequestError (/Users/macbookpro/Documents/Internship/jlabs-exam/node_modules/@prisma/client/runtime/client.js:65:7581)\n    at zr.request (/Users/macbookpro/Documents/Internship/jlabs-exam/node_modules/@prisma/client/runtime/client.js:65:7288)\n    at process.processTicksAndRejections (node:internal/process/task_queues:105:5)\n    at async a (/Users/macbookpro/Documents/Internship/jlabs-exam/node_modules/@prisma/client/runtime/client.js:75:5816)\n    at async POST (/Users/macbookpro/Documents/Internship/jlabs-exam/.next/dev/server/chunks/[root-of-the-server]__c5505433._.js:202:22)\n    at async AppRouteRouteModule.do (/Users/macbookpro/Documents/Internship/jlabs-exam/node_modules/next/dist/compiled/next-server/app-route-turbo.runtime.dev.js:5:37866)\n    at async AppRouteRouteModule.handle (/Users/macbookpro/Documents/Internship/jlabs-exam/node_modules/next/dist/compiled/next-server/app-route-turbo.runtime.dev.js:5:45156)\n    at async responseGenerator (/Users/macbookpro/Documents/Internship/jlabs-exam/.next/dev/server/chunks/[root-of-the-server]__728fe870._.js:20370:38)\n    at async AppRouteRouteModule.handleResponse (/Users/macbookpro/Documents/Internship/jlabs-exam/node_modules/next/dist/compiled/next-server/app-route-turbo.runtime.dev.js:1:191938)\n    at async handleResponse (/Users/macbookpro/Documents/Internship/jlabs-exam/.next/dev/server/chunks/[root-of-the-server]__728fe870._.js:20433:32)\n    at async Module.handler (/Users/macbookpro/Documents/Internship/jlabs-exam/.next/dev/server/chunks/[root-of-the-server]__728fe870._.js:20486:13)\n    at async DevServer.renderToResponseWithComponentsImpl (/Users/macbookpro/Documents/Internship/jlabs-exam/node_modules/next/dist/server/base-server.js:1442:9)\n    at async DevServer.renderPageComponent (/Users/macbookpro/Documents/Internship/jlabs-exam/node_modules/next/dist/server/base-server.js:1494:24)\n    at async DevServer.renderToResponseImpl (/Users/macbookpro/Documents/Internship/jlabs-exam/node_modules/next/dist/server/base-server.js:1544:32)\n    at async DevServer.pipeImpl (/Users/macbookpro/Documents/Internship/jlabs-exam/node_modules/next/dist/server/base-server.js:1038:25)\n    at async NextNodeServer.handleCatchallRenderRequest (/Users/macbookpro/Documents/Internship/jlabs-exam/node_modules/next/dist/server/next-server.js:395:17)\n    at async DevServer.handleRequestImpl (/Users/macbookpro/Documents/Internship/jlabs-exam/node_modules/next/dist/server/base-server.js:929:17)\n    at async /Users/macbookpro/Documents/Internship/jlabs-exam/node_modules/next/dist/server/dev/next-dev-server.js:387:20\n    at async Span.traceAsyncFn (/Users/macbookpro/Documents/Internship/jlabs-exam/node_modules/next/dist/trace/trace.js:157:20)\n    at async DevServer.handleRequest (/Users/macbookpro/Documents/Internship/jlabs-exam/node_modules/next/dist/server/dev/next-dev-server.js:383:24)\n    at async invokeRender (/Users/macbookpro/Documents/Internship/jlabs-exam/node_modules/next/dist/server/lib/router-server.js:248:21)\n    at async handleRequest (/Users/macbookpro/Documents/Internship/jlabs-exam/node_modules/next/dist/server/lib/router-server.js:447:24)\n    at async requestHandlerImpl (/Users/macbookpro/Documents/Internship/jlabs-exam/node_modules/next/dist/server/lib/router-server.js:496:13)\n    at async Server.requestListener (/Users/macbookpro/Documents/Internship/jlabs-exam/node_modules/next/dist/server/lib/start-server.js:226:13)"
}
---
[2026-02-28T08:35:24.812Z] {
  "status": "API_CALLED",
  "body": "Masked for security"
}
---
[2026-02-28T08:35:24.831Z] {
  "status": "DIRECT_PG_SUCCESS",
  "time": {
    "now": "2026-02-28T08:35:24.830Z"
  }
}
---
[2026-02-28T08:35:24.848Z] {
  "status": "SERVER_ERROR",
  "message": "\nInvalid `__TURBOPACK__imported__module__$5b$project$5d2f$lib$2f$prisma$2e$ts__$5b$app$2d$route$5d$__$28$ecmascript$29$__[\"prisma\"].user.findUnique()` invocation in\n/Users/macbookpro/Documents/Internship/jlabs-exam/.next/dev/server/chunks/[root-of-the-server]__c5505433._.js:202:155\n\n  199     });\n  200 }\n  201 // ----------------------------------\n→ 202 const user = await __TURBOPACK__imported__module__$5b$project$5d2f$lib$2f$prisma$2e$ts__$5b$app$2d$route$5d$__$28$ecmascript$29$__[\"prisma\"].user.findUnique(\nError opening a TLS connection: The server does not support SSL connections",
  "stack": "PrismaClientKnownRequestError: \nInvalid `__TURBOPACK__imported__module__$5b$project$5d2f$lib$2f$prisma$2e$ts__$5b$app$2d$route$5d$__$28$ecmascript$29$__[\"prisma\"].user.findUnique()` invocation in\n/Users/macbookpro/Documents/Internship/jlabs-exam/.next/dev/server/chunks/[root-of-the-server]__c5505433._.js:202:155\n\n  199     });\n  200 }\n  201 // ----------------------------------\n→ 202 const user = await __TURBOPACK__imported__module__$5b$project$5d2f$lib$2f$prisma$2e$ts__$5b$app$2d$route$5d$__$28$ecmascript$29$__[\"prisma\"].user.findUnique(\nError opening a TLS connection: The server does not support SSL connections\n    at zr.handleRequestError (/Users/macbookpro/Documents/Internship/jlabs-exam/node_modules/@prisma/client/runtime/client.js:65:8286)\n    at zr.handleAndLogRequestError (/Users/macbookpro/Documents/Internship/jlabs-exam/node_modules/@prisma/client/runtime/client.js:65:7581)\n    at zr.request (/Users/macbookpro/Documents/Internship/jlabs-exam/node_modules/@prisma/client/runtime/client.js:65:7288)\n    at process.processTicksAndRejections (node:internal/process/task_queues:105:5)\n    at async a (/Users/macbookpro/Documents/Internship/jlabs-exam/node_modules/@prisma/client/runtime/client.js:75:5816)\n    at async POST (/Users/macbookpro/Documents/Internship/jlabs-exam/.next/dev/server/chunks/[root-of-the-server]__c5505433._.js:202:22)\n    at async AppRouteRouteModule.do (/Users/macbookpro/Documents/Internship/jlabs-exam/node_modules/next/dist/compiled/next-server/app-route-turbo.runtime.dev.js:5:37866)\n    at async AppRouteRouteModule.handle (/Users/macbookpro/Documents/Internship/jlabs-exam/node_modules/next/dist/compiled/next-server/app-route-turbo.runtime.dev.js:5:45156)\n    at async responseGenerator (/Users/macbookpro/Documents/Internship/jlabs-exam/.next/dev/server/chunks/[root-of-the-server]__728fe870._.js:20370:38)\n    at async AppRouteRouteModule.handleResponse (/Users/macbookpro/Documents/Internship/jlabs-exam/node_modules/next/dist/compiled/next-server/app-route-turbo.runtime.dev.js:1:191938)\n    at async handleResponse (/Users/macbookpro/Documents/Internship/jlabs-exam/.next/dev/server/chunks/[root-of-the-server]__728fe870._.js:20433:32)\n    at async Module.handler (/Users/macbookpro/Documents/Internship/jlabs-exam/.next/dev/server/chunks/[root-of-the-server]__728fe870._.js:20486:13)\n    at async DevServer.renderToResponseWithComponentsImpl (/Users/macbookpro/Documents/Internship/jlabs-exam/node_modules/next/dist/server/base-server.js:1442:9)\n    at async DevServer.renderPageComponent (/Users/macbookpro/Documents/Internship/jlabs-exam/node_modules/next/dist/server/base-server.js:1494:24)\n    at async DevServer.renderToResponseImpl (/Users/macbookpro/Documents/Internship/jlabs-exam/node_modules/next/dist/server/base-server.js:1544:32)\n    at async DevServer.pipeImpl (/Users/macbookpro/Documents/Internship/jlabs-exam/node_modules/next/dist/server/base-server.js:1038:25)\n    at async NextNodeServer.handleCatchallRenderRequest (/Users/macbookpro/Documents/Internship/jlabs-exam/node_modules/next/dist/server/next-server.js:395:17)\n    at async DevServer.handleRequestImpl (/Users/macbookpro/Documents/Internship/jlabs-exam/node_modules/next/dist/server/base-server.js:929:17)\n    at async /Users/macbookpro/Documents/Internship/jlabs-exam/node_modules/next/dist/server/dev/next-dev-server.js:387:20\n    at async Span.traceAsyncFn (/Users/macbookpro/Documents/Internship/jlabs-exam/node_modules/next/dist/trace/trace.js:157:20)\n    at async DevServer.handleRequest (/Users/macbookpro/Documents/Internship/jlabs-exam/node_modules/next/dist/server/dev/next-dev-server.js:383:24)\n    at async invokeRender (/Users/macbookpro/Documents/Internship/jlabs-exam/node_modules/next/dist/server/lib/router-server.js:248:21)\n    at async handleRequest (/Users/macbookpro/Documents/Internship/jlabs-exam/node_modules/next/dist/server/lib/router-server.js:447:24)\n    at async requestHandlerImpl (/Users/macbookpro/Documents/Internship/jlabs-exam/node_modules/next/dist/server/lib/router-server.js:496:13)\n    at async Server.requestListener (/Users/macbookpro/Documents/Internship/jlabs-exam/node_modules/next/dist/server/lib/start-server.js:226:13)"
}
---
[2026-02-28T08:39:13.417Z] {
  "status": "API_CALLED"
}
---
[2026-02-28T08:39:13.433Z] {
  "status": "PRISMA_FAILED",
  "error": "\nInvalid `__TURBOPACK__imported__module__$5b$project$5d2f$lib$2f$prisma$2e$ts__$5b$app$2d$route$5d$__$28$ecmascript$29$__[\"prisma\"].user.findUnique()` invocation in\n/Users/macbookpro/Documents/Internship/jlabs-exam/.next/dev/server/chunks/[root-of-the-server]__c5505433._.js:165:153\n\n  162 let user = null;\n  163 // --- TRY PRISMA FIRST ---\n  164 try {\n→ 165     user = await __TURBOPACK__imported__module__$5b$project$5d2f$lib$2f$prisma$2e$ts__$5b$app$2d$route$5d$__$28$ecmascript$29$__[\"prisma\"].user.findUnique(\nError opening a TLS connection: The server does not support SSL connections"
}
---
[2026-02-28T08:39:13.434Z] {
  "status": "FALLBACK_TO_PG_START"
}
---
[2026-02-28T08:39:13.451Z] {
  "status": "PG_FALLBACK_SUCCESS",
  "found": true
}
---
[2026-02-28T08:39:13.688Z] {
  "status": "SUCCESSFUL_LOGIN",
  "email": "test@example.com"
}
---
[2026-02-28T08:39:27.111Z] {
  "status": "API_CALLED"
}
---
[2026-02-28T08:39:27.124Z] {
  "status": "PRISMA_FAILED",
  "error": "\nInvalid `__TURBOPACK__imported__module__$5b$project$5d2f$lib$2f$prisma$2e$ts__$5b$app$2d$route$5d$__$28$ecmascript$29$__[\"prisma\"].user.findUnique()` invocation in\n/Users/macbookpro/Documents/Internship/jlabs-exam/.next/dev/server/chunks/[root-of-the-server]__c5505433._.js:165:153\n\n  162 let user = null;\n  163 // --- TRY PRISMA FIRST ---\n  164 try {\n→ 165     user = await __TURBOPACK__imported__module__$5b$project$5d2f$lib$2f$prisma$2e$ts__$5b$app$2d$route$5d$__$28$ecmascript$29$__[\"prisma\"].user.findUnique(\nError opening a TLS connection: The server does not support SSL connections"
}
---
[2026-02-28T08:39:27.125Z] {
  "status": "FALLBACK_TO_PG_START"
}
---
[2026-02-28T08:39:27.142Z] {
  "status": "PG_FALLBACK_SUCCESS",
  "found": true
}
---
[2026-02-28T08:39:27.267Z] {
  "status": "INVALID_PASSWORD",
  "email": "test@example.com"
}
---
